<?xml version="1.0" encoding="UTF-8"?>
<!-- Generated by org.testng.reporters.JUnitReportReporter -->
<testsuite hostname="mhussen-PC" failures="0" tests="2" name="com.herokuapp.theinternet.NegativeTest" time="15.553" errors="0" timestamp="2021-01-03T18:24:02 EST" skipped="0">
  <testcase classname="com.herokuapp.theinternet.NegativeTest" name="InvalidPasswordTest" time="8.116"/>
  <system-out/>
  <testcase classname="com.herokuapp.theinternet.NegativeTest" name="InvalidUsernameTest" time="7.437"/>
  <system-out/>
</testsuite> <!-- com.herokuapp.theinternet.NegativeTest -->
