<?xml version="1.0" encoding="UTF-8"?>
<!-- Generated by org.testng.reporters.JUnitReportReporter -->
<testsuite hostname="mhussen-PC" failures="0" tests="1" name="com.herokuapp.theinternet.PositiveTests" time="11.477" errors="0" timestamp="2021-01-13T20:38:13 EST" skipped="0">
  <testcase classname="com.herokuapp.theinternet.PositiveTests" name="loginTest" time="11.477"/>
  <system-out/>
</testsuite> <!-- com.herokuapp.theinternet.PositiveTests -->
