<?xml version="1.0" encoding="UTF-8"?>
<!-- Generated by org.testng.reporters.JUnitReportReporter -->
<testsuite hostname="mhussen-PC" failures="0" tests="2" name="com.herokuapp.theinternet.NegativeTests" time="8.802" errors="0" timestamp="2021-01-13T20:38:13 EST" skipped="1">
  <testcase classname="com.herokuapp.theinternet.NegativeTests" name="InvalidPasswordTest" time="8.802"/>
  <system-out/>
  <testcase classname="com.herokuapp.theinternet.NegativeTests" name="InvalidUsernameTest">
    <skipped/>
  </testcase> <!-- InvalidUsernameTest -->
  <system-out/>
</testsuite> <!-- com.herokuapp.theinternet.NegativeTests -->
