<?xml version="1.0" encoding="UTF-8"?>
<!-- Generated by org.testng.reporters.JUnitReportReporter -->
<testsuite hostname="mhussen-PC" failures="0" tests="3" name="com.herokuapp.theinternet.LoginTests" time="26.027" errors="0" timestamp="2021-01-15T13:01:22 EST" skipped="0">
  <testcase classname="com.herokuapp.theinternet.LoginTests" name="positiveLoginTest" time="10.557"/>
  <system-out/>
  <testcase classname="com.herokuapp.theinternet.LoginTests" name="negativeLoginTests" time="8.332"/>
  <system-out/>
  <testcase classname="com.herokuapp.theinternet.LoginTests" name="negativeLoginTests" time="7.138"/>
  <system-out/>
</testsuite> <!-- com.herokuapp.theinternet.LoginTests -->
